{"/home/edever88/Springboard/exercises/express-biztime/app.js": {"path":"/home/edever88/Springboard/exercises/express-biztime/app.js","statementMap":{"0":{"start":{"line":2,"column":16},"end":{"line":2,"column":34}},"1":{"start":{"line":3,"column":21},"end":{"line":3,"column":46}},"2":{"start":{"line":4,"column":24},"end":{"line":4,"column":53}},"3":{"start":{"line":5,"column":23},"end":{"line":5,"column":51}},"4":{"start":{"line":7,"column":12},"end":{"line":7,"column":21}},"5":{"start":{"line":9,"column":0},"end":{"line":9,"column":24}},"6":{"start":{"line":11,"column":0},"end":{"line":11,"column":38}},"7":{"start":{"line":12,"column":0},"end":{"line":12,"column":36}},"8":{"start":{"line":15,"column":0},"end":{"line":18,"column":3}},"9":{"start":{"line":16,"column":14},"end":{"line":16,"column":48}},"10":{"start":{"line":17,"column":2},"end":{"line":17,"column":19}},"11":{"start":{"line":21,"column":0},"end":{"line":26,"column":3}},"12":{"start":{"line":22,"column":2},"end":{"line":22,"column":32}},"13":{"start":{"line":23,"column":2},"end":{"line":25,"column":5}},"14":{"start":{"line":29,"column":0},"end":{"line":29,"column":21}}},"fnMap":{"0":{"name":"(anonymous_0)","decl":{"start":{"line":15,"column":8},"end":{"line":15,"column":9}},"loc":{"start":{"line":15,"column":28},"end":{"line":18,"column":1}},"line":15},"1":{"name":"(anonymous_1)","decl":{"start":{"line":21,"column":8},"end":{"line":21,"column":9}},"loc":{"start":{"line":21,"column":33},"end":{"line":26,"column":1}},"line":21}},"branchMap":{"0":{"loc":{"start":{"line":22,"column":13},"end":{"line":22,"column":30}},"type":"binary-expr","locations":[{"start":{"line":22,"column":13},"end":{"line":22,"column":23}},{"start":{"line":22,"column":27},"end":{"line":22,"column":30}}],"line":22}},"s":{"0":2,"1":2,"2":2,"3":2,"4":2,"5":2,"6":2,"7":2,"8":2,"9":0,"10":0,"11":2,"12":4,"13":4,"14":2},"f":{"0":0,"1":4},"b":{"0":[4,0]},"_coverageSchema":"1a1c01bbd47fc00a2c39e90264f33305004495a9","hash":"1a472ac782ac04900264193ce2c7203e4d4ce766"}
,"/home/edever88/Springboard/exercises/express-biztime/db.js": {"path":"/home/edever88/Springboard/exercises/express-biztime/db.js","statementMap":{"0":{"start":{"line":1,"column":17},"end":{"line":1,"column":30}},"1":{"start":{"line":5,"column":0},"end":{"line":9,"column":1}},"2":{"start":{"line":6,"column":4},"end":{"line":6,"column":42}},"3":{"start":{"line":8,"column":4},"end":{"line":8,"column":36}},"4":{"start":{"line":11,"column":9},"end":{"line":13,"column":2}},"5":{"start":{"line":15,"column":0},"end":{"line":15,"column":13}},"6":{"start":{"line":17,"column":0},"end":{"line":17,"column":20}}},"fnMap":{},"branchMap":{"0":{"loc":{"start":{"line":5,"column":0},"end":{"line":9,"column":1}},"type":"if","locations":[{"start":{"line":5,"column":0},"end":{"line":9,"column":1}},{"start":{"line":7,"column":7},"end":{"line":9,"column":1}}],"line":5}},"s":{"0":2,"1":2,"2":2,"3":0,"4":2,"5":2,"6":2},"f":{},"b":{"0":[2,0]},"_coverageSchema":"1a1c01bbd47fc00a2c39e90264f33305004495a9","hash":"f6b3d75a0af1092a3b2e86090b67edf3af6748ec"}
,"/home/edever88/Springboard/exercises/express-biztime/expressError.js": {"path":"/home/edever88/Springboard/exercises/express-biztime/expressError.js","statementMap":{"0":{"start":{"line":9,"column":4},"end":{"line":9,"column":12}},"1":{"start":{"line":10,"column":4},"end":{"line":10,"column":27}},"2":{"start":{"line":11,"column":4},"end":{"line":11,"column":25}},"3":{"start":{"line":12,"column":4},"end":{"line":12,"column":30}},"4":{"start":{"line":17,"column":0},"end":{"line":17,"column":30}}},"fnMap":{"0":{"name":"(anonymous_0)","decl":{"start":{"line":8,"column":2},"end":{"line":8,"column":3}},"loc":{"start":{"line":8,"column":31},"end":{"line":13,"column":3}},"line":8}},"branchMap":{},"s":{"0":4,"1":4,"2":4,"3":4,"4":2},"f":{"0":4},"b":{},"_coverageSchema":"1a1c01bbd47fc00a2c39e90264f33305004495a9","hash":"7ed563d09e9b482815b193b44de6300567a6bc3f"}
,"/home/edever88/Springboard/exercises/express-biztime/routes/companies.js": {"path":"/home/edever88/Springboard/exercises/express-biztime/routes/companies.js","statementMap":{"0":{"start":{"line":1,"column":16},"end":{"line":1,"column":34}},"1":{"start":{"line":2,"column":15},"end":{"line":2,"column":35}},"2":{"start":{"line":3,"column":11},"end":{"line":3,"column":27}},"3":{"start":{"line":4,"column":21},"end":{"line":4,"column":47}},"4":{"start":{"line":6,"column":0},"end":{"line":13,"column":2}},"5":{"start":{"line":7,"column":4},"end":{"line":12,"column":5}},"6":{"start":{"line":8,"column":24},"end":{"line":8,"column":74}},"7":{"start":{"line":9,"column":8},"end":{"line":9,"column":50}},"8":{"start":{"line":11,"column":8},"end":{"line":11,"column":24}},"9":{"start":{"line":15,"column":0},"end":{"line":35,"column":2}},"10":{"start":{"line":16,"column":4},"end":{"line":34,"column":5}},"11":{"start":{"line":17,"column":23},"end":{"line":17,"column":33}},"12":{"start":{"line":18,"column":27},"end":{"line":18,"column":84}},"13":{"start":{"line":19,"column":28},"end":{"line":19,"column":122}},"14":{"start":{"line":20,"column":24},"end":{"line":20,"column":75}},"15":{"start":{"line":21,"column":8},"end":{"line":23,"column":9}},"16":{"start":{"line":22,"column":12},"end":{"line":22,"column":82}},"17":{"start":{"line":24,"column":22},"end":{"line":24,"column":46}},"18":{"start":{"line":25,"column":21},"end":{"line":25,"column":42}},"19":{"start":{"line":26,"column":23},"end":{"line":26,"column":46}},"20":{"start":{"line":26,"column":39},"end":{"line":26,"column":45}},"21":{"start":{"line":27,"column":28},"end":{"line":30,"column":9}},"22":{"start":{"line":31,"column":8},"end":{"line":31,"column":47}},"23":{"start":{"line":33,"column":8},"end":{"line":33,"column":24}},"24":{"start":{"line":37,"column":0},"end":{"line":45,"column":2}},"25":{"start":{"line":38,"column":4},"end":{"line":44,"column":5}},"26":{"start":{"line":39,"column":42},"end":{"line":39,"column":50}},"27":{"start":{"line":40,"column":24},"end":{"line":40,"column":170}},"28":{"start":{"line":41,"column":8},"end":{"line":41,"column":63}},"29":{"start":{"line":43,"column":8},"end":{"line":43,"column":24}},"30":{"start":{"line":47,"column":0},"end":{"line":59,"column":2}},"31":{"start":{"line":48,"column":4},"end":{"line":58,"column":5}},"32":{"start":{"line":49,"column":23},"end":{"line":49,"column":33}},"33":{"start":{"line":50,"column":36},"end":{"line":50,"column":44}},"34":{"start":{"line":51,"column":24},"end":{"line":51,"column":161}},"35":{"start":{"line":52,"column":8},"end":{"line":54,"column":9}},"36":{"start":{"line":53,"column":12},"end":{"line":53,"column":84}},"37":{"start":{"line":55,"column":8},"end":{"line":55,"column":51}},"38":{"start":{"line":57,"column":8},"end":{"line":57,"column":24}},"39":{"start":{"line":61,"column":0},"end":{"line":69,"column":2}},"40":{"start":{"line":62,"column":4},"end":{"line":68,"column":5}},"41":{"start":{"line":63,"column":23},"end":{"line":63,"column":33}},"42":{"start":{"line":64,"column":24},"end":{"line":64,"column":85}},"43":{"start":{"line":65,"column":8},"end":{"line":65,"column":44}},"44":{"start":{"line":67,"column":8},"end":{"line":67,"column":24}},"45":{"start":{"line":71,"column":0},"end":{"line":71,"column":24}}},"fnMap":{"0":{"name":"(anonymous_0)","decl":{"start":{"line":6,"column":16},"end":{"line":6,"column":17}},"loc":{"start":{"line":6,"column":42},"end":{"line":13,"column":1}},"line":6},"1":{"name":"(anonymous_1)","decl":{"start":{"line":15,"column":21},"end":{"line":15,"column":22}},"loc":{"start":{"line":15,"column":47},"end":{"line":35,"column":1}},"line":15},"2":{"name":"(anonymous_2)","decl":{"start":{"line":26,"column":32},"end":{"line":26,"column":33}},"loc":{"start":{"line":26,"column":39},"end":{"line":26,"column":45}},"line":26},"3":{"name":"(anonymous_3)","decl":{"start":{"line":37,"column":17},"end":{"line":37,"column":18}},"loc":{"start":{"line":37,"column":43},"end":{"line":45,"column":1}},"line":37},"4":{"name":"(anonymous_4)","decl":{"start":{"line":47,"column":21},"end":{"line":47,"column":22}},"loc":{"start":{"line":47,"column":46},"end":{"line":59,"column":1}},"line":47},"5":{"name":"(anonymous_5)","decl":{"start":{"line":61,"column":24},"end":{"line":61,"column":25}},"loc":{"start":{"line":61,"column":49},"end":{"line":69,"column":1}},"line":61}},"branchMap":{"0":{"loc":{"start":{"line":21,"column":8},"end":{"line":23,"column":9}},"type":"if","locations":[{"start":{"line":21,"column":8},"end":{"line":23,"column":9}},{"start":{},"end":{}}],"line":21},"1":{"loc":{"start":{"line":52,"column":8},"end":{"line":54,"column":9}},"type":"if","locations":[{"start":{"line":52,"column":8},"end":{"line":54,"column":9}},{"start":{},"end":{}}],"line":52}},"s":{"0":2,"1":2,"2":2,"3":2,"4":2,"5":1,"6":1,"7":1,"8":0,"9":2,"10":4,"11":4,"12":4,"13":4,"14":4,"15":4,"16":3,"17":1,"18":1,"19":1,"20":1,"21":1,"22":1,"23":3,"24":2,"25":1,"26":1,"27":1,"28":1,"29":0,"30":2,"31":1,"32":1,"33":1,"34":1,"35":1,"36":0,"37":1,"38":0,"39":2,"40":1,"41":1,"42":1,"43":1,"44":0,"45":2},"f":{"0":1,"1":4,"2":1,"3":1,"4":1,"5":1},"b":{"0":[3,1],"1":[0,1]},"_coverageSchema":"1a1c01bbd47fc00a2c39e90264f33305004495a9","hash":"e275d9a162179ca5da9ad4944f5123e391481105"}
,"/home/edever88/Springboard/exercises/express-biztime/routes/invoices.js": {"path":"/home/edever88/Springboard/exercises/express-biztime/routes/invoices.js","statementMap":{"0":{"start":{"line":1,"column":16},"end":{"line":1,"column":34}},"1":{"start":{"line":2,"column":15},"end":{"line":2,"column":35}},"2":{"start":{"line":3,"column":11},"end":{"line":3,"column":27}},"3":{"start":{"line":4,"column":21},"end":{"line":4,"column":47}},"4":{"start":{"line":6,"column":0},"end":{"line":13,"column":2}},"5":{"start":{"line":7,"column":4},"end":{"line":12,"column":5}},"6":{"start":{"line":8,"column":24},"end":{"line":8,"column":76}},"7":{"start":{"line":9,"column":8},"end":{"line":9,"column":49}},"8":{"start":{"line":11,"column":8},"end":{"line":11,"column":24}},"9":{"start":{"line":15,"column":0},"end":{"line":34,"column":2}},"10":{"start":{"line":16,"column":4},"end":{"line":33,"column":5}},"11":{"start":{"line":17,"column":21},"end":{"line":17,"column":31}},"12":{"start":{"line":18,"column":27},"end":{"line":18,"column":112}},"13":{"start":{"line":19,"column":27},"end":{"line":19,"column":185}},"14":{"start":{"line":20,"column":24},"end":{"line":20,"column":74}},"15":{"start":{"line":21,"column":8},"end":{"line":23,"column":9}},"16":{"start":{"line":22,"column":12},"end":{"line":22,"column":78}},"17":{"start":{"line":24,"column":21},"end":{"line":24,"column":45}},"18":{"start":{"line":25,"column":22},"end":{"line":25,"column":46}},"19":{"start":{"line":26,"column":28},"end":{"line":29,"column":9}},"20":{"start":{"line":30,"column":8},"end":{"line":30,"column":47}},"21":{"start":{"line":32,"column":8},"end":{"line":32,"column":24}},"22":{"start":{"line":36,"column":0},"end":{"line":44,"column":2}},"23":{"start":{"line":37,"column":4},"end":{"line":43,"column":5}},"24":{"start":{"line":38,"column":33},"end":{"line":38,"column":41}},"25":{"start":{"line":39,"column":24},"end":{"line":39,"column":169}},"26":{"start":{"line":40,"column":8},"end":{"line":40,"column":62}},"27":{"start":{"line":42,"column":8},"end":{"line":42,"column":24}},"28":{"start":{"line":46,"column":0},"end":{"line":58,"column":2}},"29":{"start":{"line":47,"column":4},"end":{"line":57,"column":5}},"30":{"start":{"line":48,"column":21},"end":{"line":48,"column":31}},"31":{"start":{"line":49,"column":22},"end":{"line":49,"column":30}},"32":{"start":{"line":50,"column":24},"end":{"line":50,"column":147}},"33":{"start":{"line":51,"column":8},"end":{"line":53,"column":9}},"34":{"start":{"line":52,"column":12},"end":{"line":52,"column":80}},"35":{"start":{"line":54,"column":8},"end":{"line":54,"column":51}},"36":{"start":{"line":56,"column":8},"end":{"line":56,"column":24}},"37":{"start":{"line":60,"column":0},"end":{"line":68,"column":2}},"38":{"start":{"line":61,"column":4},"end":{"line":67,"column":5}},"39":{"start":{"line":62,"column":21},"end":{"line":62,"column":31}},"40":{"start":{"line":63,"column":24},"end":{"line":63,"column":80}},"41":{"start":{"line":64,"column":8},"end":{"line":64,"column":44}},"42":{"start":{"line":66,"column":8},"end":{"line":66,"column":24}},"43":{"start":{"line":70,"column":0},"end":{"line":70,"column":24}}},"fnMap":{"0":{"name":"(anonymous_0)","decl":{"start":{"line":6,"column":16},"end":{"line":6,"column":17}},"loc":{"start":{"line":6,"column":42},"end":{"line":13,"column":1}},"line":6},"1":{"name":"(anonymous_1)","decl":{"start":{"line":15,"column":19},"end":{"line":15,"column":20}},"loc":{"start":{"line":15,"column":45},"end":{"line":34,"column":1}},"line":15},"2":{"name":"(anonymous_2)","decl":{"start":{"line":36,"column":17},"end":{"line":36,"column":18}},"loc":{"start":{"line":36,"column":43},"end":{"line":44,"column":1}},"line":36},"3":{"name":"(anonymous_3)","decl":{"start":{"line":46,"column":19},"end":{"line":46,"column":20}},"loc":{"start":{"line":46,"column":44},"end":{"line":58,"column":1}},"line":46},"4":{"name":"(anonymous_4)","decl":{"start":{"line":60,"column":22},"end":{"line":60,"column":23}},"loc":{"start":{"line":60,"column":47},"end":{"line":68,"column":1}},"line":60}},"branchMap":{"0":{"loc":{"start":{"line":21,"column":8},"end":{"line":23,"column":9}},"type":"if","locations":[{"start":{"line":21,"column":8},"end":{"line":23,"column":9}},{"start":{},"end":{}}],"line":21},"1":{"loc":{"start":{"line":51,"column":8},"end":{"line":53,"column":9}},"type":"if","locations":[{"start":{"line":51,"column":8},"end":{"line":53,"column":9}},{"start":{},"end":{}}],"line":51}},"s":{"0":2,"1":2,"2":2,"3":2,"4":2,"5":1,"6":1,"7":1,"8":0,"9":2,"10":2,"11":2,"12":2,"13":2,"14":2,"15":2,"16":1,"17":1,"18":1,"19":1,"20":1,"21":1,"22":2,"23":1,"24":1,"25":1,"26":1,"27":0,"28":2,"29":1,"30":1,"31":1,"32":1,"33":1,"34":0,"35":1,"36":0,"37":2,"38":1,"39":1,"40":1,"41":1,"42":0,"43":2},"f":{"0":1,"1":2,"2":1,"3":1,"4":1},"b":{"0":[1,1],"1":[0,1]},"_coverageSchema":"1a1c01bbd47fc00a2c39e90264f33305004495a9","hash":"62b78e0f37726ffd4de4bd0b484e9c027d982308"}
}
